Using pre-set license
Built from '2020.3/staging' branch; Version is '2020.3.25f1 (9b9180224418) revision 10195328'; Using compiler version '192528614'; Build Type 'Release'
OS: 'Windows 10  (10.0.19042) 64bit Professional' Language: 'en' Physical Memory: 16367 MB
BatchMode: 1, IsHumanControllingUs: 0, StartBugReporterOnCrash: 0, Is64bit: 1, IsPro: 0

COMMAND LINE ARGUMENTS:
C:\Program Files\Unity\Hub\Editor\2020.3.25f1\Editor\Unity.exe
-adb2
-batchMode
-noUpm
-name
AssetImportWorker0
-projectPath
D:/Projects/Unity3D/Projects/Escape/The Maze
-logFile
Logs/AssetImportWorker0.log
-srvPort
7847
Successfully changed project path to: D:/Projects/Unity3D/Projects/Escape/The Maze
D:/Projects/Unity3D/Projects/Escape/The Maze
Using Asset Import Pipeline V2.
Refreshing native plugins compatible for Editor in 94.90 ms, found 2 plugins.
Preloading 0 native plugins for Editor in 0.00 ms.
Initialize engine version: 2020.3.25f1 (9b9180224418)
[Subsystems] Discovering subsystems at path C:/Program Files/Unity/Hub/Editor/2020.3.25f1/Editor/Data/Resources/UnitySubsystems
[Subsystems] Discovering subsystems at path D:/Projects/Unity3D/Projects/Escape/The Maze/Assets
GfxDevice: creating device client; threaded=0
Direct3D:
    Version:  Direct3D 11.0 [level 11.1]
    Renderer: Radeon (TM) RX 470 Graphics (ID=0x67df)
    Vendor:   
    VRAM:     4075 MB
    Driver:   27.20.22025.1006
Initialize mono
Mono path[0] = 'C:/Program Files/Unity/Hub/Editor/2020.3.25f1/Editor/Data/Managed'
Mono path[1] = 'C:/Program Files/Unity/Hub/Editor/2020.3.25f1/Editor/Data/MonoBleedingEdge/lib/mono/unityjit'
Mono config path = 'C:/Program Files/Unity/Hub/Editor/2020.3.25f1/Editor/Data/MonoBleedingEdge/etc'
Using monoOptions --debugger-agent=transport=dt_socket,embedding=1,server=y,suspend=n,address=127.0.0.1:56228
Begin MonoManager ReloadAssembly
Registering precompiled unity dll's ...
Register platform support module: C:/Program Files/Unity/Hub/Editor/2020.3.25f1/Editor/Data/PlaybackEngines/WebGLSupport/UnityEditor.WebGL.Extensions.dll
Register platform support module: C:/Program Files/Unity/Hub/Editor/2020.3.25f1/Editor/Data/PlaybackEngines/WindowsStandaloneSupport/UnityEditor.WindowsStandalone.Extensions.dll
Registered in 0.004850 seconds.
Native extension for WindowsStandalone target not found
Native extension for WebGL target not found
Refreshing native plugins compatible for Editor in 94.19 ms, found 2 plugins.
Preloading 0 native plugins for Editor in 0.00 ms.
Mono: successfully reloaded assembly
- Completed reload, in  0.906 seconds
Domain Reload Profiling:
	ReloadAssembly (907ms)
		BeginReloadAssembly (94ms)
			ExecutionOrderSort (0ms)
			DisableScriptedObjects (0ms)
			BackupInstance (0ms)
			ReleaseScriptingObjects (0ms)
			CreateAndSetChildDomain (1ms)
		EndReloadAssembly (703ms)
			LoadAssemblies (91ms)
			RebuildTransferFunctionScriptingTraits (0ms)
			SetupTypeCache (218ms)
			ReleaseScriptCaches (0ms)
			RebuildScriptCaches (45ms)
			SetupLoadedEditorAssemblies (288ms)
				LogAssemblyErrors (0ms)
				InitializePlatformSupportModulesInManaged (8ms)
				SetLoadedEditorAssemblies (1ms)
				RefreshPlugins (94ms)
				BeforeProcessingInitializeOnLoad (25ms)
				ProcessInitializeOnLoadAttributes (119ms)
				ProcessInitializeOnLoadMethodAttributes (41ms)
				AfterProcessingInitializeOnLoad (0ms)
				EditorAssembliesLoaded (0ms)
			ExecutionOrderSort2 (0ms)
			AwakeInstancesAfterBackupRestoration (0ms)
Platform modules already initialized, skipping
Registering precompiled user dll's ...
Registered in 0.007811 seconds.
Begin MonoManager ReloadAssembly
Native extension for WindowsStandalone target not found
Native extension for WebGL target not found
Refreshing native plugins compatible for Editor in 95.17 ms, found 2 plugins.
Preloading 0 native plugins for Editor in 0.00 ms.
Mono: successfully reloaded assembly
- Completed reload, in  1.753 seconds
Domain Reload Profiling:
	ReloadAssembly (1754ms)
		BeginReloadAssembly (218ms)
			ExecutionOrderSort (0ms)
			DisableScriptedObjects (8ms)
			BackupInstance (0ms)
			ReleaseScriptingObjects (0ms)
			CreateAndSetChildDomain (25ms)
		EndReloadAssembly (1443ms)
			LoadAssemblies (150ms)
			RebuildTransferFunctionScriptingTraits (0ms)
			SetupTypeCache (477ms)
			ReleaseScriptCaches (1ms)
			RebuildScriptCaches (83ms)
			SetupLoadedEditorAssemblies (565ms)
				LogAssemblyErrors (0ms)
				InitializePlatformSupportModulesInManaged (6ms)
				SetLoadedEditorAssemblies (0ms)
				RefreshPlugins (95ms)
				BeforeProcessingInitializeOnLoad (138ms)
				ProcessInitializeOnLoadAttributes (300ms)
				ProcessInitializeOnLoadMethodAttributes (12ms)
				AfterProcessingInitializeOnLoad (13ms)
				EditorAssembliesLoaded (0ms)
			ExecutionOrderSort2 (0ms)
			AwakeInstancesAfterBackupRestoration (10ms)
Platform modules already initialized, skipping
========================================================================
Worker process is ready to serve import requests
Launched and connected shader compiler UnityShaderCompiler.exe after 0.05 seconds
Refreshing native plugins compatible for Editor in 0.97 ms, found 2 plugins.
Preloading 0 native plugins for Editor in 0.00 ms.
Unloading 3298 Unused Serialized files (Serialized files now loaded: 0)
System memory in use before: 155.4 MB.
System memory in use after: 155.2 MB.

Unloading 22 unused Assets to reduce memory usage. Loaded Objects now: 3736.
Total: 4.834500 ms (FindLiveObjects: 0.328900 ms CreateObjectMapping: 0.173600 ms MarkObjects: 3.917500 ms  DeleteObjects: 0.413200 ms)

AssetImportParameters requested are different than current active one (requested -> active):
  custom:framework-win-MediaFoundation: 216162199b28c13a410421893ffa2e32 -> 
  custom:video-decoder-ogg-theora: a1e56fd34408186e4bbccfd4996cb3dc -> 
  custom:container-muxer-webm: aa71ff27fc2769a1b78a27578f13a17b -> 
  custom:container-demuxer-webm: 4f35f7cbe854078d1ac9338744f61a02 -> 
  custom:container-demuxer-ogg: 62fdf1f143b41e24485cea50d1cbac27 -> 
  custom:video-encoder-webm-vp8: eb34c28f22e8b96e1ab97ce403110664 -> 
  custom:video-decoder-webm-vp8: 9c59270c3fd7afecdb556c50c9e8de78 -> 
  custom:audio-decoder-ogg-vorbis: bf7c407c2cedff20999df2af8eb42d56 -> 
  custom:audio-encoder-webm-vorbis: bf7c407c2cedff20999df2af8eb42d56 -> 
========================================================================
Received Import Request.
  path: Assets/Materials/Maze.mat
  artifactKey: Guid(7a6828caa08ab3440b9617e11437a6c0) Importer(815301076,1909f56bfc062723c751e8b465ee728b)
Start importing Assets/Materials/Maze.mat using Guid(7a6828caa08ab3440b9617e11437a6c0) Importer(815301076,1909f56bfc062723c751e8b465ee728b)  -> (artifact id: '17ef26e44a1031684fd04e4db1674fd2') in 0.329943 seconds 
  Import took 0.336214 seconds .

========================================================================
Received Import Request.
  Time since last request: 184.695182 seconds.
  path: Assets/Materials/Maze 1.mat
  artifactKey: Guid(a06386ce986f1d24d863b52f92854ea0) Importer(815301076,1909f56bfc062723c751e8b465ee728b)
Start importing Assets/Materials/Maze 1.mat using Guid(a06386ce986f1d24d863b52f92854ea0) Importer(815301076,1909f56bfc062723c751e8b465ee728b)  -> (artifact id: 'cf40cb778bdbd3fd718b754e29d2eacf') in 0.013801 seconds 
  Import took 0.022137 seconds .

========================================================================
Received Import Request.
  Time since last request: 0.000128 seconds.
  path: Assets/Materials/Maze.mat
  artifactKey: Guid(7a6828caa08ab3440b9617e11437a6c0) Importer(815301076,1909f56bfc062723c751e8b465ee728b)
Start importing Assets/Materials/Maze.mat using Guid(7a6828caa08ab3440b9617e11437a6c0) Importer(815301076,1909f56bfc062723c751e8b465ee728b)  -> (artifact id: 'f33c8e132d1e45b80e82c04dcfd4b6dd') in 0.010690 seconds 
  Import took 0.018075 seconds .

========================================================================
Received Import Request.
  Time since last request: 4.991846 seconds.
  path: Assets/Materials/Floor.mat
  artifactKey: Guid(a06386ce986f1d24d863b52f92854ea0) Importer(815301076,1909f56bfc062723c751e8b465ee728b)
Start importing Assets/Materials/Floor.mat using Guid(a06386ce986f1d24d863b52f92854ea0) Importer(815301076,1909f56bfc062723c751e8b465ee728b)  -> (artifact id: '89340e5f62795fac6064edf7e2cbc20d') in 0.015035 seconds 
  Import took 0.021444 seconds .

========================================================================
Received Import Request.
  Time since last request: 82.896839 seconds.
  path: Assets/Textures
  artifactKey: Guid(1982263d49aadc84e89b9b8086e4c423) Importer(815301076,1909f56bfc062723c751e8b465ee728b)
Start importing Assets/Textures using Guid(1982263d49aadc84e89b9b8086e4c423) Importer(815301076,1909f56bfc062723c751e8b465ee728b)  -> (artifact id: '5f27345bf61824ac13259639695bd145') in 0.002067 seconds 
  Import took 0.008436 seconds .

========================================================================
Received Import Request.
  Time since last request: 41.041431 seconds.
  path: Assets/Textures/FloorBumpMap.jpg
  artifactKey: Guid(d0abdf32f1d6bac42bfb72e61b2adc2d) Importer(815301076,1909f56bfc062723c751e8b465ee728b)
Start importing Assets/Textures/FloorBumpMap.jpg using Guid(d0abdf32f1d6bac42bfb72e61b2adc2d) Importer(815301076,1909f56bfc062723c751e8b465ee728b)  -> (artifact id: 'a6be626f2368bb3bd8f2818b7889d653') in 0.030045 seconds 
  Import took 0.043141 seconds .

========================================================================
Received Import Request.
  Time since last request: 1.688901 seconds.
  path: Assets/Textures/FloorBumpMap 1.jpg
  artifactKey: Guid(15e18c4cc9235d9459a6955be0c4fc0a) Importer(815301076,1909f56bfc062723c751e8b465ee728b)
Start importing Assets/Textures/FloorBumpMap 1.jpg using Guid(15e18c4cc9235d9459a6955be0c4fc0a) Importer(815301076,1909f56bfc062723c751e8b465ee728b)  -> (artifact id: 'fa77aa3348f4cd2e181275acf6f52f2f') in 0.012631 seconds 
  Import took 0.025243 seconds .

========================================================================
Received Import Request.
  Time since last request: 9.354877 seconds.
  path: Assets/Textures/FloorBumpMap_N.jpg
  artifactKey: Guid(15e18c4cc9235d9459a6955be0c4fc0a) Importer(815301076,1909f56bfc062723c751e8b465ee728b)
Start importing Assets/Textures/FloorBumpMap_N.jpg using Guid(15e18c4cc9235d9459a6955be0c4fc0a) Importer(815301076,1909f56bfc062723c751e8b465ee728b)  -> (artifact id: 'ebd9032c05757fb29c5904a90a678fc3') in 0.015120 seconds 
  Import took 0.028666 seconds .

========================================================================
Received Import Request.
  Time since last request: 4.973067 seconds.
  path: Assets/Textures/FloorBumpMap_N.jpg
  artifactKey: Guid(15e18c4cc9235d9459a6955be0c4fc0a) Importer(815301076,1909f56bfc062723c751e8b465ee728b)
Start importing Assets/Textures/FloorBumpMap_N.jpg using Guid(15e18c4cc9235d9459a6955be0c4fc0a) Importer(815301076,1909f56bfc062723c751e8b465ee728b)  -> (artifact id: 'cd4960454c7c138914573d24dc21528a') in 0.017597 seconds 
  Import took 0.029864 seconds .

========================================================================
Received Import Request.
  Time since last request: 68.621300 seconds.
  path: Assets/Textures/GroundClay002_COL_VAR2_3K.jpg
  artifactKey: Guid(cf4e1d518a58e7d41ac77f05af8f9f99) Importer(815301076,1909f56bfc062723c751e8b465ee728b)
Start importing Assets/Textures/GroundClay002_COL_VAR2_3K.jpg using Guid(cf4e1d518a58e7d41ac77f05af8f9f99) Importer(815301076,1909f56bfc062723c751e8b465ee728b)  -> (artifact id: '62a3bbba7a080611c4c34660075e99fc') in 0.040621 seconds 
  Import took 0.053651 seconds .

========================================================================
Received Import Request.
  Time since last request: 0.001644 seconds.
  path: Assets/Textures/GroundClay002_NRM_3K.jpg
  artifactKey: Guid(a03acea7ed855ad4687ce89432e97ec8) Importer(815301076,1909f56bfc062723c751e8b465ee728b)
Start importing Assets/Textures/GroundClay002_NRM_3K.jpg using Guid(a03acea7ed855ad4687ce89432e97ec8) Importer(815301076,1909f56bfc062723c751e8b465ee728b)  -> (artifact id: '3afc0e7cc2419989fc6f7ff626d6747b') in 0.022754 seconds 
  Import took 0.036613 seconds .

========================================================================
Received Import Request.
  Time since last request: 35.739048 seconds.
  path: Assets/Textures/GroundForest003_COL_VAR1_3K.jpg
  artifactKey: Guid(985aaa2db8e140d489d495276b92d0ae) Importer(815301076,1909f56bfc062723c751e8b465ee728b)
Start importing Assets/Textures/GroundForest003_COL_VAR1_3K.jpg using Guid(985aaa2db8e140d489d495276b92d0ae) Importer(815301076,1909f56bfc062723c751e8b465ee728b)  -> (artifact id: 'dda570754cac91cf1f4b1400143f5472') in 0.026852 seconds 
  Import took 0.041108 seconds .

========================================================================
Received Import Request.
  Time since last request: 0.002040 seconds.
  path: Assets/Textures/GroundForest003_NRM_3K.jpg
  artifactKey: Guid(5e50e27646f9e0144a76d4f9f7324e02) Importer(815301076,1909f56bfc062723c751e8b465ee728b)
Start importing Assets/Textures/GroundForest003_NRM_3K.jpg using Guid(5e50e27646f9e0144a76d4f9f7324e02) Importer(815301076,1909f56bfc062723c751e8b465ee728b)  -> (artifact id: '0138ffeae545dab58e0534dd0c97e3ed') in 0.031208 seconds 
  Import took 0.045028 seconds .

========================================================================
Received Import Request.
  Time since last request: 253.702113 seconds.
  path: Assets/Textures/GroundForestRoots001_ALBEDO_3K.jpg
  artifactKey: Guid(09fd0c3670f33894eb921d702a8853ba) Importer(815301076,1909f56bfc062723c751e8b465ee728b)
Start importing Assets/Textures/GroundForestRoots001_ALBEDO_3K.jpg using Guid(09fd0c3670f33894eb921d702a8853ba) Importer(815301076,1909f56bfc062723c751e8b465ee728b)  -> (artifact id: 'f009c99ba84cdf45d70ca486503ff4a6') in 0.031658 seconds 
  Import took 0.044338 seconds .

========================================================================
Received Import Request.
  Time since last request: 0.001591 seconds.
  path: Assets/Textures/GroundForestRoots001_NRM_3K.jpg
  artifactKey: Guid(ea3437c5fe8a17048b714ea85975f600) Importer(815301076,1909f56bfc062723c751e8b465ee728b)
Start importing Assets/Textures/GroundForestRoots001_NRM_3K.jpg using Guid(ea3437c5fe8a17048b714ea85975f600) Importer(815301076,1909f56bfc062723c751e8b465ee728b)  -> (artifact id: '1ae0e98c14f561ea27ea373945d8ca7a') in 0.025650 seconds 
  Import took 0.041092 seconds .

========================================================================
Received Import Request.
  Time since last request: 212.278741 seconds.
  path: Assets/Textures/WoodFlooring044_COL_3K.jpg
  artifactKey: Guid(58d8fc5cf9c7ff14fa7ea5423ea8963e) Importer(815301076,1909f56bfc062723c751e8b465ee728b)
Start importing Assets/Textures/WoodFlooring044_COL_3K.jpg using Guid(58d8fc5cf9c7ff14fa7ea5423ea8963e) Importer(815301076,1909f56bfc062723c751e8b465ee728b)  -> (artifact id: '6ece6598ec5d7b50baaa197d5e9eeca3') in 0.025532 seconds 
  Import took 0.037112 seconds .

========================================================================
Received Import Request.
  Time since last request: 0.001538 seconds.
  path: Assets/Textures/WoodFlooring044_NRM_3K.jpg
  artifactKey: Guid(dc779b0dbd293684c99c896c11fdac23) Importer(815301076,1909f56bfc062723c751e8b465ee728b)
Start importing Assets/Textures/WoodFlooring044_NRM_3K.jpg using Guid(dc779b0dbd293684c99c896c11fdac23) Importer(815301076,1909f56bfc062723c751e8b465ee728b)  -> (artifact id: 'a1d6aa1e85001cf4c15ada38fee10093') in 0.020010 seconds 
  Import took 0.032879 seconds .

========================================================================
Received Import Request.
  Time since last request: 667.227655 seconds.
  path: Assets/Standard Assets/Vehicles/Aircraft/Textures/AircraftFuselageNormals.png
  artifactKey: Guid(c7e9ae087ac710a4980ed418c192e2fb) Importer(815301076,1909f56bfc062723c751e8b465ee728b)
Start importing Assets/Standard Assets/Vehicles/Aircraft/Textures/AircraftFuselageNormals.png using Guid(c7e9ae087ac710a4980ed418c192e2fb) Importer(815301076,1909f56bfc062723c751e8b465ee728b)  -> (artifact id: '68c367331774c96b53ed3d8b7ed06d0c') in 0.063770 seconds 
  Import took 0.083437 seconds .

========================================================================
Received Import Request.
  Time since last request: 0.001505 seconds.
  path: Assets/Standard Assets/Vehicles/Aircraft/Textures/AircraftPropellerBlur02WhiteAlbedo.png
  artifactKey: Guid(5d71e30febe908949a93dafb077b4ec9) Importer(815301076,1909f56bfc062723c751e8b465ee728b)
Start importing Assets/Standard Assets/Vehicles/Aircraft/Textures/AircraftPropellerBlur02WhiteAlbedo.png using Guid(5d71e30febe908949a93dafb077b4ec9) Importer(815301076,1909f56bfc062723c751e8b465ee728b)  -> (artifact id: '0a533ca4bea5c96b12cc1329c5ca80fb') in 0.013965 seconds 
  Import took 0.030363 seconds .

========================================================================
Received Import Request.
  Time since last request: 0.000909 seconds.
  path: Assets/Standard Assets/Vehicles/Aircraft/Textures/AircraftPropellerBlur02GreyAlbedo.png
  artifactKey: Guid(da369a9e24c14b04da8e0be4d9fbee0c) Importer(815301076,1909f56bfc062723c751e8b465ee728b)
Start importing Assets/Standard Assets/Vehicles/Aircraft/Textures/AircraftPropellerBlur02GreyAlbedo.png using Guid(da369a9e24c14b04da8e0be4d9fbee0c) Importer(815301076,1909f56bfc062723c751e8b465ee728b)  -> (artifact id: '66cb1cde109070170e44e7fd9ce4cd97') in 0.012633 seconds 
  Import took 0.028722 seconds .

========================================================================
Received Import Request.
  Time since last request: 0.000832 seconds.
  path: Assets/Standard Assets/Environment/SpeedTree/Broadleaf/Broadleaf_Desktop_Atlas_Billboards_Normal.tga
  artifactKey: Guid(0ec79c3d1dd0fb640b7f3f72ebb28f74) Importer(815301076,1909f56bfc062723c751e8b465ee728b)
Start importing Assets/Standard Assets/Environment/SpeedTree/Broadleaf/Broadleaf_Desktop_Atlas_Billboards_Normal.tga using Guid(0ec79c3d1dd0fb640b7f3f72ebb28f74) Importer(815301076,1909f56bfc062723c751e8b465ee728b)  -> (artifact id: '674a74717cb328ad3c81fde22eccfddc') in 0.041265 seconds 
  Import took 0.053796 seconds .

========================================================================
Received Import Request.
  Time since last request: 0.000966 seconds.
  path: Assets/Standard Assets/Environment/SpeedTree/Broadleaf/Broadleaf_Desktop_Atlas_Specular.tga
  artifactKey: Guid(d954891cb9e58434d86e01d839ed4997) Importer(815301076,1909f56bfc062723c751e8b465ee728b)
Start importing Assets/Standard Assets/Environment/SpeedTree/Broadleaf/Broadleaf_Desktop_Atlas_Specular.tga using Guid(d954891cb9e58434d86e01d839ed4997) Importer(815301076,1909f56bfc062723c751e8b465ee728b)  -> (artifact id: '3e47db4e6ba5571f92f84b9a6a20f312') in 0.014800 seconds 
  Import took 0.029644 seconds .

========================================================================
Received Import Request.
  Time since last request: 0.000836 seconds.
  path: Assets/Standard Assets/Environment/SpeedTree/Broadleaf/Broadleaf_Desktop_Atlas_Billboards.tga
  artifactKey: Guid(951aab9a19f551f4385d0ceafdaf19b4) Importer(815301076,1909f56bfc062723c751e8b465ee728b)
Start importing Assets/Standard Assets/Environment/SpeedTree/Broadleaf/Broadleaf_Desktop_Atlas_Billboards.tga using Guid(951aab9a19f551f4385d0ceafdaf19b4) Importer(815301076,1909f56bfc062723c751e8b465ee728b)  -> (artifact id: '81dd1150d914003f07582b7f495396bf') in 0.017660 seconds 
  Import took 0.032315 seconds .

========================================================================
Received Import Request.
  Time since last request: 0.000888 seconds.
  path: Assets/Standard Assets/Environment/SpeedTree/Broadleaf/Broadleaf_Desktop_Atlas_Normal.tga
  artifactKey: Guid(b552931caa1b3ea418b9ba90cbd1333e) Importer(815301076,1909f56bfc062723c751e8b465ee728b)
Start importing Assets/Standard Assets/Environment/SpeedTree/Broadleaf/Broadleaf_Desktop_Atlas_Normal.tga using Guid(b552931caa1b3ea418b9ba90cbd1333e) Importer(815301076,1909f56bfc062723c751e8b465ee728b)  -> (artifact id: '80e3cba4cb53efac5aedc0af489d8b97') in 0.015986 seconds 
  Import took 0.036017 seconds .

========================================================================
Received Import Request.
  Time since last request: 0.002621 seconds.
  path: Assets/Standard Assets/Environment/SpeedTree/Broadleaf/Broadleaf_Mobile_Atlas.tga
  artifactKey: Guid(2c116325e19b8a04d916864cc540ec2d) Importer(815301076,1909f56bfc062723c751e8b465ee728b)
Start importing Assets/Standard Assets/Environment/SpeedTree/Broadleaf/Broadleaf_Mobile_Atlas.tga using Guid(2c116325e19b8a04d916864cc540ec2d) Importer(815301076,1909f56bfc062723c751e8b465ee728b)  -> (artifact id: '894bda314cd1ffcd593d05b8c0f8818a') in 0.016546 seconds 
  Import took 0.036857 seconds .

========================================================================
Received Import Request.
  Time since last request: 0.000867 seconds.
  path: Assets/Standard Assets/Vehicles/Aircraft/Textures/AircraftPropellerBlur01WhiteAlbedo.png
  artifactKey: Guid(a01d24876a1472b408ba8e5f0bf3a23f) Importer(815301076,1909f56bfc062723c751e8b465ee728b)
Start importing Assets/Standard Assets/Vehicles/Aircraft/Textures/AircraftPropellerBlur01WhiteAlbedo.png using Guid(a01d24876a1472b408ba8e5f0bf3a23f) Importer(815301076,1909f56bfc062723c751e8b465ee728b)  -> (artifact id: 'dcca88e7a7452fe1540752a37f36e06f') in 0.012391 seconds 
  Import took 0.038109 seconds .

========================================================================
Received Import Request.
  Time since last request: 0.001418 seconds.
  path: Assets/Standard Assets/Vehicles/Aircraft/Textures/AircraftPropellerBlur03WhiteAlbedo.png
  artifactKey: Guid(0d0e2aad9fc8ad04ba15c42753f8b797) Importer(815301076,1909f56bfc062723c751e8b465ee728b)
Start importing Assets/Standard Assets/Vehicles/Aircraft/Textures/AircraftPropellerBlur03WhiteAlbedo.png using Guid(0d0e2aad9fc8ad04ba15c42753f8b797) Importer(815301076,1909f56bfc062723c751e8b465ee728b)  -> (artifact id: 'd9c7dc9e36d599c5dbc3f4621b5fa80f') in 0.011438 seconds 
  Import took 0.026038 seconds .

========================================================================
Received Import Request.
  Time since last request: 0.000770 seconds.
  path: Assets/Standard Assets/Vehicles/Aircraft/Textures/AircraftWingsPropellerOcclusion.png
  artifactKey: Guid(0ad6f20f99271564d93962d2b51bf9b0) Importer(815301076,1909f56bfc062723c751e8b465ee728b)
Start importing Assets/Standard Assets/Vehicles/Aircraft/Textures/AircraftWingsPropellerOcclusion.png using Guid(0ad6f20f99271564d93962d2b51bf9b0) Importer(815301076,1909f56bfc062723c751e8b465ee728b)  -> (artifact id: 'e3ccc71161944a97615c9259c073a3b7') in 0.022039 seconds 
  Import took 0.035566 seconds .

========================================================================
Received Import Request.
  Time since last request: 0.001126 seconds.
  path: Assets/Standard Assets/Vehicles/Aircraft/Textures/AircraftWingsJetOcclusion.png
  artifactKey: Guid(a2203213fc4dd244e90e1e9d1862c097) Importer(815301076,1909f56bfc062723c751e8b465ee728b)
Start importing Assets/Standard Assets/Vehicles/Aircraft/Textures/AircraftWingsJetOcclusion.png using Guid(a2203213fc4dd244e90e1e9d1862c097) Importer(815301076,1909f56bfc062723c751e8b465ee728b)  -> (artifact id: '6dc28794155269427d7267874fadb988') in 0.026769 seconds 
  Import took 0.040561 seconds .

========================================================================
Received Import Request.
  Time since last request: 0.001065 seconds.
  path: Assets/Standard Assets/Vehicles/Aircraft/Textures/AircraftWingsPropellerNormals.png
  artifactKey: Guid(5b834380674bf7e48ade2f253138543f) Importer(815301076,1909f56bfc062723c751e8b465ee728b)
Start importing Assets/Standard Assets/Vehicles/Aircraft/Textures/AircraftWingsPropellerNormals.png using Guid(5b834380674bf7e48ade2f253138543f) Importer(815301076,1909f56bfc062723c751e8b465ee728b)  -> (artifact id: '07b2c92f998882e5986f3317558e4cdd') in 0.046368 seconds 
  Import took 0.066549 seconds .

========================================================================
Received Import Request.
  Time since last request: 0.000989 seconds.
  path: Assets/Standard Assets/Vehicles/Aircraft/Textures/AircraftPropellerBlur01GreyAlbedo.png
  artifactKey: Guid(9bae725505bdaf5488cd1720e6f829bd) Importer(815301076,1909f56bfc062723c751e8b465ee728b)
Start importing Assets/Standard Assets/Vehicles/Aircraft/Textures/AircraftPropellerBlur01GreyAlbedo.png using Guid(9bae725505bdaf5488cd1720e6f829bd) Importer(815301076,1909f56bfc062723c751e8b465ee728b)  -> (artifact id: 'e3fbb699e2859c1c3fc33046bb92ead2') in 0.025752 seconds 
  Import took 0.039787 seconds .

========================================================================
Received Import Request.
  Time since last request: 0.002938 seconds.
  path: Assets/Standard Assets/2D/Sprites/BackgroundGreyGridSprite.png
  artifactKey: Guid(cbbabe9e292f5604897926494bb38fef) Importer(815301076,1909f56bfc062723c751e8b465ee728b)
Start importing Assets/Standard Assets/2D/Sprites/BackgroundGreyGridSprite.png using Guid(cbbabe9e292f5604897926494bb38fef) Importer(815301076,1909f56bfc062723c751e8b465ee728b)  -> (artifact id: '0513ee1370279e4cdda116003f991434') in 0.035404 seconds 
  Import took 0.049889 seconds .

========================================================================
Received Import Request.
  Time since last request: 0.001040 seconds.
  path: Assets/Standard Assets/Vehicles/Aircraft/Textures/AircraftPropellerBlur03GreyAlbedo.png
  artifactKey: Guid(2beb3362d4b99ed40890889c97d63cd4) Importer(815301076,1909f56bfc062723c751e8b465ee728b)
Start importing Assets/Standard Assets/Vehicles/Aircraft/Textures/AircraftPropellerBlur03GreyAlbedo.png using Guid(2beb3362d4b99ed40890889c97d63cd4) Importer(815301076,1909f56bfc062723c751e8b465ee728b)  -> (artifact id: '0dda82cdda1c9704952b95aeb76bdbee') in 0.011684 seconds 
  Import took 0.025005 seconds .

========================================================================
Received Import Request.
  Time since last request: 0.000831 seconds.
  path: Assets/Standard Assets/2D/Sprites/BackgroundNavyGridSprite.png
  artifactKey: Guid(1d0c184845252df44a655359de388cb8) Importer(815301076,1909f56bfc062723c751e8b465ee728b)
Start importing Assets/Standard Assets/2D/Sprites/BackgroundNavyGridSprite.png using Guid(1d0c184845252df44a655359de388cb8) Importer(815301076,1909f56bfc062723c751e8b465ee728b)  -> (artifact id: 'f260a5658ffc24bd57d1f7ab368c4642') in 0.019283 seconds 
  Import took 0.032052 seconds .

========================================================================
Received Import Request.
  Time since last request: 0.001870 seconds.
  path: Assets/Standard Assets/Vehicles/Aircraft/Textures/AircraftWingsJetNormals.png
  artifactKey: Guid(f7c27487b4792e640b8816a7e0e2f5dd) Importer(815301076,1909f56bfc062723c751e8b465ee728b)
Start importing Assets/Standard Assets/Vehicles/Aircraft/Textures/AircraftWingsJetNormals.png using Guid(f7c27487b4792e640b8816a7e0e2f5dd) Importer(815301076,1909f56bfc062723c751e8b465ee728b)  -> (artifact id: 'f6ba5dbd7755af25d0b028cd1b70fae8') in 0.040231 seconds 
  Import took 0.054774 seconds .

========================================================================
Received Import Request.
  Time since last request: 0.000864 seconds.
  path: Assets/Standard Assets/Environment/SpeedTree/Broadleaf/Broadleaf_Desktop_Atlas.tga
  artifactKey: Guid(d20e5329bb2905844a1ae38b80640d3f) Importer(815301076,1909f56bfc062723c751e8b465ee728b)
Start importing Assets/Standard Assets/Environment/SpeedTree/Broadleaf/Broadleaf_Desktop_Atlas.tga using Guid(d20e5329bb2905844a1ae38b80640d3f) Importer(815301076,1909f56bfc062723c751e8b465ee728b)  -> (artifact id: '5929f57960f0ba0d86f7c3ede6e23a36') in 0.015074 seconds 
  Import took 0.029539 seconds .

========================================================================
Received Import Request.
  Time since last request: 0.001256 seconds.
  path: Assets/Standard Assets/Vehicles/Aircraft/Textures/AircraftFuselageOcclusion.png
  artifactKey: Guid(d378ff11c42566d46b0b11cd91eca3a3) Importer(815301076,1909f56bfc062723c751e8b465ee728b)
Start importing Assets/Standard Assets/Vehicles/Aircraft/Textures/AircraftFuselageOcclusion.png using Guid(d378ff11c42566d46b0b11cd91eca3a3) Importer(815301076,1909f56bfc062723c751e8b465ee728b)  -> (artifact id: '79b09bbd2926a8edab7cec50e4245ad1') in 0.023724 seconds 
  Import took 0.040205 seconds .

========================================================================
Received Import Request.
  Time since last request: 0.139352 seconds.
  path: Assets/Standard Assets/Environment/SpeedTree/Broadleaf/Broadleaf_Mobile_Atlas_Billboards.tga
  artifactKey: Guid(bc6e7e1374ff3e1459f65bf72da64c85) Importer(815301076,1909f56bfc062723c751e8b465ee728b)
Start importing Assets/Standard Assets/Environment/SpeedTree/Broadleaf/Broadleaf_Mobile_Atlas_Billboards.tga using Guid(bc6e7e1374ff3e1459f65bf72da64c85) Importer(815301076,1909f56bfc062723c751e8b465ee728b)  -> (artifact id: '9c17459ddb178b1659e4ed2e7638f85d') in 0.034768 seconds 
  Import took 0.048522 seconds .

========================================================================
Received Import Request.
  Time since last request: 0.000863 seconds.
  path: Assets/Standard Assets/Environment/SpeedTree/Broadleaf/BroadleafBark.tga
  artifactKey: Guid(2c1c27ec8c3b75a4c80a795adc9ca788) Importer(815301076,1909f56bfc062723c751e8b465ee728b)
Start importing Assets/Standard Assets/Environment/SpeedTree/Broadleaf/BroadleafBark.tga using Guid(2c1c27ec8c3b75a4c80a795adc9ca788) Importer(815301076,1909f56bfc062723c751e8b465ee728b)  -> (artifact id: '83d166b70284fb1f6c144102067e7b6e') in 0.012159 seconds 
  Import took 0.025621 seconds .

========================================================================
Received Import Request.
  Time since last request: 0.000842 seconds.
  path: Assets/Standard Assets/Environment/SpeedTree/Broadleaf/Broadleaf_Mobile_Atlas_Normal.tga
  artifactKey: Guid(be053ea3235ccb64a889bf0b15c2764b) Importer(815301076,1909f56bfc062723c751e8b465ee728b)
Start importing Assets/Standard Assets/Environment/SpeedTree/Broadleaf/Broadleaf_Mobile_Atlas_Normal.tga using Guid(be053ea3235ccb64a889bf0b15c2764b) Importer(815301076,1909f56bfc062723c751e8b465ee728b)  -> (artifact id: 'bc142a6131bf758fcec9de03f0510ed4') in 0.018269 seconds 
  Import took 0.031308 seconds .

========================================================================
Received Import Request.
  Time since last request: 0.000937 seconds.
  path: Assets/Standard Assets/Environment/SpeedTree/Broadleaf/Broadleaf_Mobile_Atlas_Billboards_Normal.tga
  artifactKey: Guid(c9de3ae2361df6c469caeb2024321cbf) Importer(815301076,1909f56bfc062723c751e8b465ee728b)
Start importing Assets/Standard Assets/Environment/SpeedTree/Broadleaf/Broadleaf_Mobile_Atlas_Billboards_Normal.tga using Guid(c9de3ae2361df6c469caeb2024321cbf) Importer(815301076,1909f56bfc062723c751e8b465ee728b)  -> (artifact id: '1560cb2f10ca8417e40255495473f6ff') in 0.015307 seconds 
  Import took 0.033753 seconds .

========================================================================
Received Import Request.
  Time since last request: 0.000861 seconds.
  path: Assets/Standard Assets/Environment/SpeedTree/Broadleaf/Broadleaf_Mobile_Atlas_Specular.tga
  artifactKey: Guid(45cab4c9b31009748999eec1556926b3) Importer(815301076,1909f56bfc062723c751e8b465ee728b)
Start importing Assets/Standard Assets/Environment/SpeedTree/Broadleaf/Broadleaf_Mobile_Atlas_Specular.tga using Guid(45cab4c9b31009748999eec1556926b3) Importer(815301076,1909f56bfc062723c751e8b465ee728b)  -> (artifact id: '9c7655aa1d4dd5d006baa6f211e92d50') in 0.013948 seconds 
  Import took 0.026697 seconds .

========================================================================
Received Import Request.
  Time since last request: 0.081777 seconds.
  path: Assets/Standard Assets/Environment/SpeedTree/Broadleaf/BroadleafBark_Normal.tga
  artifactKey: Guid(34f07406286974e4ca236867d8d58b51) Importer(815301076,1909f56bfc062723c751e8b465ee728b)
Start importing Assets/Standard Assets/Environment/SpeedTree/Broadleaf/BroadleafBark_Normal.tga using Guid(34f07406286974e4ca236867d8d58b51) Importer(815301076,1909f56bfc062723c751e8b465ee728b)  -> (artifact id: '68f0cf7074b9734e51a1ce5b4ae86151') in 0.015516 seconds 
  Import took 0.030141 seconds .

========================================================================
Received Import Request.
  Time since last request: 0.001038 seconds.
  path: Assets/Standard Assets/Environment/SpeedTree/Broadleaf/Broadleaves_Card_Desktop_Spec.tga
  artifactKey: Guid(6308da3d0ff986b42be3b0a6ea5b6fae) Importer(815301076,1909f56bfc062723c751e8b465ee728b)
Start importing Assets/Standard Assets/Environment/SpeedTree/Broadleaf/Broadleaves_Card_Desktop_Spec.tga using Guid(6308da3d0ff986b42be3b0a6ea5b6fae) Importer(815301076,1909f56bfc062723c751e8b465ee728b)  -> (artifact id: 'cb16723a56aefb9fdb41abb0dca0029c') in 0.014332 seconds 
  Import took 0.027453 seconds .

========================================================================
Received Import Request.
  Time since last request: 0.000994 seconds.
  path: Assets/Standard Assets/Environment/SpeedTree/Broadleaf/Broadleaves_Card_Desktop_Normal.tga
  artifactKey: Guid(f0d8945c7972e4747aa776e16494fa37) Importer(815301076,1909f56bfc062723c751e8b465ee728b)
Start importing Assets/Standard Assets/Environment/SpeedTree/Broadleaf/Broadleaves_Card_Desktop_Normal.tga using Guid(f0d8945c7972e4747aa776e16494fa37) Importer(815301076,1909f56bfc062723c751e8b465ee728b)  -> (artifact id: 'd110400268ac86958113ea4f31413c46') in 0.015100 seconds 
  Import took 0.029151 seconds .

========================================================================
Received Import Request.
  Time since last request: 0.000890 seconds.
  path: Assets/Standard Assets/Environment/SpeedTree/Broadleaf/Broadleaves_Desktop.tga
  artifactKey: Guid(306f8f570579fb3448d141a63029ef94) Importer(815301076,1909f56bfc062723c751e8b465ee728b)
Start importing Assets/Standard Assets/Environment/SpeedTree/Broadleaf/Broadleaves_Desktop.tga using Guid(306f8f570579fb3448d141a63029ef94) Importer(815301076,1909f56bfc062723c751e8b465ee728b)  -> (artifact id: 'c3d1cc555c5e92b514f55a8909e2a4ac') in 0.015726 seconds 
  Import took 0.029442 seconds .

========================================================================
Received Import Request.
  Time since last request: 0.001045 seconds.
  path: Assets/Standard Assets/Environment/SpeedTree/Broadleaf/Broadleaves_Card_Desktop.tga
  artifactKey: Guid(ea60173ceac07334c91568c48cc765cd) Importer(815301076,1909f56bfc062723c751e8b465ee728b)
Start importing Assets/Standard Assets/Environment/SpeedTree/Broadleaf/Broadleaves_Card_Desktop.tga using Guid(ea60173ceac07334c91568c48cc765cd) Importer(815301076,1909f56bfc062723c751e8b465ee728b)  -> (artifact id: '56020ec7f0c53a869721e98740496bfa') in 0.016159 seconds 
  Import took 0.031000 seconds .

========================================================================
Received Import Request.
  Time since last request: 0.418625 seconds.
  path: Assets/Standard Assets/Environment/SpeedTree/Broadleaf/Broadleaves_Desktop_Normal.tga
  artifactKey: Guid(e7b2d3eeb0a4d694792c93a8ab87e4a4) Importer(815301076,1909f56bfc062723c751e8b465ee728b)
Start importing Assets/Standard Assets/Environment/SpeedTree/Broadleaf/Broadleaves_Desktop_Normal.tga using Guid(e7b2d3eeb0a4d694792c93a8ab87e4a4) Importer(815301076,1909f56bfc062723c751e8b465ee728b)  -> (artifact id: '62920e0bf79e72158fdbe2b65c522f99') in 0.014931 seconds 
  Import took 0.028360 seconds .

========================================================================
Received Import Request.
  Time since last request: 0.000908 seconds.
  path: Assets/Standard Assets/Environment/SpeedTree/Broadleaf/Broadleaves_Mobile.tga
  artifactKey: Guid(b063a9f2b9f645b40948a32b447c738f) Importer(815301076,1909f56bfc062723c751e8b465ee728b)
Start importing Assets/Standard Assets/Environment/SpeedTree/Broadleaf/Broadleaves_Mobile.tga using Guid(b063a9f2b9f645b40948a32b447c738f) Importer(815301076,1909f56bfc062723c751e8b465ee728b)  -> (artifact id: 'c0a95b0940508726cfc6c1831693600c') in 0.014139 seconds 
  Import took 0.028148 seconds .

========================================================================
Received Import Request.
  Time since last request: 0.000966 seconds.
  path: Assets/Standard Assets/Environment/SpeedTree/Broadleaf/Broadleaves_Mobile_Spec.tga
  artifactKey: Guid(db2f1c62933fa1745a9eb8479b15698b) Importer(815301076,1909f56bfc062723c751e8b465ee728b)
Start importing Assets/Standard Assets/Environment/SpeedTree/Broadleaf/Broadleaves_Mobile_Spec.tga using Guid(db2f1c62933fa1745a9eb8479b15698b) Importer(815301076,1909f56bfc062723c751e8b465ee728b)  -> (artifact id: 'c684b13bddbecaa6208431e871aeb2ff') in 0.015603 seconds 
  Import took 0.027809 seconds .

========================================================================
Received Import Request.
  Time since last request: 0.001006 seconds.
  path: Assets/Standard Assets/CrossPlatformInput/Sprites/ButtonArrowOverSprite.png
  artifactKey: Guid(49b611e658efbf443b686a4036f74fe3) Importer(815301076,1909f56bfc062723c751e8b465ee728b)
Start importing Assets/Standard Assets/CrossPlatformInput/Sprites/ButtonArrowOverSprite.png using Guid(49b611e658efbf443b686a4036f74fe3) Importer(815301076,1909f56bfc062723c751e8b465ee728b)  -> (artifact id: '17f082c2919987f249118250803fd8e8') in 0.020220 seconds 
  Import took 0.033678 seconds .

========================================================================
Received Import Request.
  Time since last request: 0.000978 seconds.
  path: Assets/Standard Assets/CrossPlatformInput/Sprites/ButtonBrakeOverSprite.png
  artifactKey: Guid(5b1a64ea234fb2343b8d0686c51280de) Importer(815301076,1909f56bfc062723c751e8b465ee728b)
Start importing Assets/Standard Assets/CrossPlatformInput/Sprites/ButtonBrakeOverSprite.png using Guid(5b1a64ea234fb2343b8d0686c51280de) Importer(815301076,1909f56bfc062723c751e8b465ee728b)  -> (artifact id: 'b4978daa7d5fe21b00d1df92ffa943f1') in 0.018636 seconds 
  Import took 0.034038 seconds .

========================================================================
Received Import Request.
  Time since last request: 0.001407 seconds.
  path: Assets/Standard Assets/CrossPlatformInput/Sprites/ButtonArrowUpSprite.png
  artifactKey: Guid(4db017495c69e8140a56a0e2b669e3f8) Importer(815301076,1909f56bfc062723c751e8b465ee728b)
Start importing Assets/Standard Assets/CrossPlatformInput/Sprites/ButtonArrowUpSprite.png using Guid(4db017495c69e8140a56a0e2b669e3f8) Importer(815301076,1909f56bfc062723c751e8b465ee728b)  -> (artifact id: '2c6549a6020d20cdae8463f67e4ffc00') in 0.019188 seconds 
  Import took 0.036480 seconds .

========================================================================
Received Import Request.
  Time since last request: 0.000982 seconds.
  path: Assets/Standard Assets/CrossPlatformInput/Sprites/ButtonAcceleratorOverSprite.png
  artifactKey: Guid(eb5f6e2757c821940b69cf1456f7865a) Importer(815301076,1909f56bfc062723c751e8b465ee728b)
Start importing Assets/Standard Assets/CrossPlatformInput/Sprites/ButtonAcceleratorOverSprite.png using Guid(eb5f6e2757c821940b69cf1456f7865a) Importer(815301076,1909f56bfc062723c751e8b465ee728b)  -> (artifact id: '7d15098721d0e0d077ef6fe5a32f8953') in 0.018373 seconds 
  Import took 0.031958 seconds .

========================================================================
Received Import Request.
  Time since last request: 0.001779 seconds.
  path: Assets/Standard Assets/Environment/SpeedTree/Broadleaf/Broadleaves_Desktop_Spec.tga
  artifactKey: Guid(30586af2d47849140b2d533bb6f75eaa) Importer(815301076,1909f56bfc062723c751e8b465ee728b)
Start importing Assets/Standard Assets/Environment/SpeedTree/Broadleaf/Broadleaves_Desktop_Spec.tga using Guid(30586af2d47849140b2d533bb6f75eaa) Importer(815301076,1909f56bfc062723c751e8b465ee728b)  -> (artifact id: '3edba4b17e421132fdc97b2c61ee9dfa') in 0.015553 seconds 
  Import took 0.029197 seconds .

========================================================================
Received Import Request.
  Time since last request: 0.000986 seconds.
  path: Assets/Standard Assets/Environment/SpeedTree/Broadleaf/Broadleaves_Mobile_Normal.tga
  artifactKey: Guid(7bdd8cb386e0b554b84cb783663bb4fc) Importer(815301076,1909f56bfc062723c751e8b465ee728b)
Start importing Assets/Standard Assets/Environment/SpeedTree/Broadleaf/Broadleaves_Mobile_Normal.tga using Guid(7bdd8cb386e0b554b84cb783663bb4fc) Importer(815301076,1909f56bfc062723c751e8b465ee728b)  -> (artifact id: 'e37713c49f3272946b5740033c912a84') in 0.014190 seconds 
  Import took 0.030396 seconds .

========================================================================
Received Import Request.
  Time since last request: 0.000983 seconds.
  path: Assets/Standard Assets/CrossPlatformInput/Sprites/ButtonAcceleratorUpSprite.png
  artifactKey: Guid(f588d850485d0ae479d73cf3bd0b7b00) Importer(815301076,1909f56bfc062723c751e8b465ee728b)
Start importing Assets/Standard Assets/CrossPlatformInput/Sprites/ButtonAcceleratorUpSprite.png using Guid(f588d850485d0ae479d73cf3bd0b7b00) Importer(815301076,1909f56bfc062723c751e8b465ee728b)  -> (artifact id: '461b6ccbe22ff938fe4543773c8715bc') in 0.018635 seconds 
  Import took 0.034672 seconds .

========================================================================
Received Import Request.
  Time since last request: 0.310128 seconds.
  path: Assets/Standard Assets/CrossPlatformInput/Sprites/ButtonBrakeUpSprite.png
  artifactKey: Guid(827c9cd4a3943534f909ac6473e17288) Importer(815301076,1909f56bfc062723c751e8b465ee728b)
Start importing Assets/Standard Assets/CrossPlatformInput/Sprites/ButtonBrakeUpSprite.png using Guid(827c9cd4a3943534f909ac6473e17288) Importer(815301076,1909f56bfc062723c751e8b465ee728b)  -> (artifact id: '33aee34edd644e7697590a90533578cd') in 0.018073 seconds 
  Import took 0.030938 seconds .

========================================================================
Received Import Request.
  Time since last request: 0.000982 seconds.
  path: Assets/Standard Assets/CrossPlatformInput/Sprites/ButtonThumbstickOverSprite.png
  artifactKey: Guid(5485e2f56028a3c4cb54f5caa167377e) Importer(815301076,1909f56bfc062723c751e8b465ee728b)
Start importing Assets/Standard Assets/CrossPlatformInput/Sprites/ButtonThumbstickOverSprite.png using Guid(5485e2f56028a3c4cb54f5caa167377e) Importer(815301076,1909f56bfc062723c751e8b465ee728b)  -> (artifact id: '6fc198e8e0f4ebab641b6285b77478a7') in 0.018373 seconds 
  Import took 0.031618 seconds .

========================================================================
Received Import Request.
  Time since last request: 0.000931 seconds.
  path: Assets/Standard Assets/CrossPlatformInput/Sprites/ButtonSpacebarSprite.png
  artifactKey: Guid(3d8675433a508ec47b8f895201eacf20) Importer(815301076,1909f56bfc062723c751e8b465ee728b)
Start importing Assets/Standard Assets/CrossPlatformInput/Sprites/ButtonSpacebarSprite.png using Guid(3d8675433a508ec47b8f895201eacf20) Importer(815301076,1909f56bfc062723c751e8b465ee728b)  -> (artifact id: '4707e36e79dfa8eacb7b8aaf20a60afa') in 0.015502 seconds 
  Import took 0.028987 seconds .

========================================================================
Received Import Request.
  Time since last request: 0.000865 seconds.
  path: Assets/Standard Assets/CrossPlatformInput/Sprites/ButtonTimescaleFullUpSprite.png
  artifactKey: Guid(0c6271a290ef75b4c97d58746c86c5b8) Importer(815301076,1909f56bfc062723c751e8b465ee728b)
Start importing Assets/Standard Assets/CrossPlatformInput/Sprites/ButtonTimescaleFullUpSprite.png using Guid(0c6271a290ef75b4c97d58746c86c5b8) Importer(815301076,1909f56bfc062723c751e8b465ee728b)  -> (artifact id: '3f651109c7e226474f91da4172ddbda5') in 0.018736 seconds 
  Import took 0.032106 seconds .

========================================================================
Received Import Request.
  Time since last request: 0.001092 seconds.
  path: Assets/Standard Assets/Effects/TessellationShaders/Textures/CliffHeight.png
  artifactKey: Guid(17da6d53ec93a0444bd0f751b1d02477) Importer(815301076,1909f56bfc062723c751e8b465ee728b)
Start importing Assets/Standard Assets/Effects/TessellationShaders/Textures/CliffHeight.png using Guid(17da6d53ec93a0444bd0f751b1d02477) Importer(815301076,1909f56bfc062723c751e8b465ee728b)  -> (artifact id: 'c90c5d7c877b5478cc98eb243d58ff3d') in 0.017892 seconds 
  Import took 0.030755 seconds .

========================================================================
Received Import Request.
  Time since last request: 0.001022 seconds.
  path: Assets/SampleScenes/Textures/ChevronAlbedo.png
  artifactKey: Guid(a354bcb686ec6544bb340270e70b8f91) Importer(815301076,1909f56bfc062723c751e8b465ee728b)
Start importing Assets/SampleScenes/Textures/ChevronAlbedo.png using Guid(a354bcb686ec6544bb340270e70b8f91) Importer(815301076,1909f56bfc062723c751e8b465ee728b)  -> (artifact id: '5fb586cb7a5b20d0baeaacdb7c02101f') in 0.015431 seconds 
  Import took 0.027699 seconds .

========================================================================
Received Import Request.
  Time since last request: 0.001002 seconds.
  path: Assets/Standard Assets/Environment/TerrainAssets/SurfaceTextures/CliffAlbedoSpecular.psd
  artifactKey: Guid(18214e9d6af6248559d501391856f1c7) Importer(815301076,1909f56bfc062723c751e8b465ee728b)
Start importing Assets/Standard Assets/Environment/TerrainAssets/SurfaceTextures/CliffAlbedoSpecular.psd using Guid(18214e9d6af6248559d501391856f1c7) Importer(815301076,1909f56bfc062723c751e8b465ee728b)  -> (artifact id: '4e1c404e6b372694efdb076ca55ee3b7') in 0.022284 seconds 
  Import took 0.036391 seconds .

========================================================================
Received Import Request.
  Time since last request: 0.000900 seconds.
  path: Assets/Standard Assets/CrossPlatformInput/Sprites/ButtonTimescaleSlowUpSprite.png
  artifactKey: Guid(9d7c6e4896067aa4fa512a00f692ac1c) Importer(815301076,1909f56bfc062723c751e8b465ee728b)
Start importing Assets/Standard Assets/CrossPlatformInput/Sprites/ButtonTimescaleSlowUpSprite.png using Guid(9d7c6e4896067aa4fa512a00f692ac1c) Importer(815301076,1909f56bfc062723c751e8b465ee728b)  -> (artifact id: '420a1e8e959e6b575913689621210ba0') in 0.019990 seconds 
  Import took 0.035573 seconds .

========================================================================
Received Import Request.
  Time since last request: 0.001052 seconds.
  path: Assets/Standard Assets/Environment/SpeedTree/Broadleaf/Cap_01.tga
  artifactKey: Guid(c688b8230f338954e977969bd4457584) Importer(815301076,1909f56bfc062723c751e8b465ee728b)
Start importing Assets/Standard Assets/Environment/SpeedTree/Broadleaf/Cap_01.tga using Guid(c688b8230f338954e977969bd4457584) Importer(815301076,1909f56bfc062723c751e8b465ee728b)  -> (artifact id: '5db27b3da5c9abe000ebbb9394c3076d') in 0.016658 seconds 
  Import took 0.031044 seconds .

========================================================================
Received Import Request.
  Time since last request: 0.001078 seconds.
  path: Assets/Standard Assets/Environment/SpeedTree/Broadleaf/Cap_02_Normal.tga
  artifactKey: Guid(371fa5d370f67534696194100d17bfad) Importer(815301076,1909f56bfc062723c751e8b465ee728b)
Start importing Assets/Standard Assets/Environment/SpeedTree/Broadleaf/Cap_02_Normal.tga using Guid(371fa5d370f67534696194100d17bfad) Importer(815301076,1909f56bfc062723c751e8b465ee728b)  -> (artifact id: '204bfb5f67f0d7081ee8903627531245') in 0.014221 seconds 
  Import took 0.029253 seconds .

========================================================================
Received Import Request.
  Time since last request: 0.001533 seconds.
  path: Assets/Standard Assets/CrossPlatformInput/Sprites/ButtonThumbstickUpSprite.png
  artifactKey: Guid(9866a92691696b346901281f2b329034) Importer(815301076,1909f56bfc062723c751e8b465ee728b)
Start importing Assets/Standard Assets/CrossPlatformInput/Sprites/ButtonThumbstickUpSprite.png using Guid(9866a92691696b346901281f2b329034) Importer(815301076,1909f56bfc062723c751e8b465ee728b)  -> (artifact id: 'ec38cf53c12504b3654b875127426c7f') in 0.017843 seconds 
  Import took 0.032506 seconds .

========================================================================
Received Import Request.
  Time since last request: 0.001031 seconds.
  path: Assets/Standard Assets/CrossPlatformInput/Sprites/ButtonResetSprite.png
  artifactKey: Guid(a94c9a7eb94ceec4a8d67a1890e22e51) Importer(815301076,1909f56bfc062723c751e8b465ee728b)
Start importing Assets/Standard Assets/CrossPlatformInput/Sprites/ButtonResetSprite.png using Guid(a94c9a7eb94ceec4a8d67a1890e22e51) Importer(815301076,1909f56bfc062723c751e8b465ee728b)  -> (artifact id: '8ebafa23e2605d1a6eebe7d69f45ab2f') in 0.018382 seconds 
  Import took 0.031327 seconds .

========================================================================
Received Import Request.
  Time since last request: 0.000929 seconds.
  path: Assets/Standard Assets/CrossPlatformInput/Sprites/ButtonCameraCycleUpSprite.png
  artifactKey: Guid(a3983c59ebf804b4abba687bd7c9e92f) Importer(815301076,1909f56bfc062723c751e8b465ee728b)
Start importing Assets/Standard Assets/CrossPlatformInput/Sprites/ButtonCameraCycleUpSprite.png using Guid(a3983c59ebf804b4abba687bd7c9e92f) Importer(815301076,1909f56bfc062723c751e8b465ee728b)  -> (artifact id: 'aefb1e5ff46ff9878af2000706bcc00a') in 0.020366 seconds 
  Import took 0.034178 seconds .

========================================================================
Received Import Request.
  Time since last request: 0.001305 seconds.
  path: Assets/Standard Assets/Environment/SpeedTree/Broadleaf/Cap_02.tga
  artifactKey: Guid(ee07ea8cb1a00c844b4048d37dcfe712) Importer(815301076,1909f56bfc062723c751e8b465ee728b)
Start importing Assets/Standard Assets/Environment/SpeedTree/Broadleaf/Cap_02.tga using Guid(ee07ea8cb1a00c844b4048d37dcfe712) Importer(815301076,1909f56bfc062723c751e8b465ee728b)  -> (artifact id: 'a120edec6ccd0d6cf34975a5cd55399d') in 0.015671 seconds 
  Import took 0.029062 seconds .

========================================================================
Received Import Request.
  Time since last request: 0.001446 seconds.
  path: Assets/Standard Assets/Environment/SpeedTree/Broadleaf/Cap_01_Normal.tga
  artifactKey: Guid(55e2334423fefa34fb4916f6780413d3) Importer(815301076,1909f56bfc062723c751e8b465ee728b)
Start importing Assets/Standard Assets/Environment/SpeedTree/Broadleaf/Cap_01_Normal.tga using Guid(55e2334423fefa34fb4916f6780413d3) Importer(815301076,1909f56bfc062723c751e8b465ee728b)  -> (artifact id: 'e23fee8f099fca6ff82ad775478a4600') in 0.015525 seconds 
  Import took 0.029874 seconds .

========================================================================
Received Import Request.
  Time since last request: 107.780210 seconds.
  path: Assets/Materials/Floor 1.mat
  artifactKey: Guid(c6505cc64586808468a9cc55cbf00949) Importer(815301076,1909f56bfc062723c751e8b465ee728b)
Start importing Assets/Materials/Floor 1.mat using Guid(c6505cc64586808468a9cc55cbf00949) Importer(815301076,1909f56bfc062723c751e8b465ee728b)  -> (artifact id: 'df87ef0dc43dbc3cc39312195b497bc4') in 0.020910 seconds 
  Import took 0.034530 seconds .

========================================================================
Received Import Request.
  Time since last request: 0.001543 seconds.
  path: Assets/Materials/Floor.mat
  artifactKey: Guid(a06386ce986f1d24d863b52f92854ea0) Importer(815301076,1909f56bfc062723c751e8b465ee728b)
Start importing Assets/Materials/Floor.mat using Guid(a06386ce986f1d24d863b52f92854ea0) Importer(815301076,1909f56bfc062723c751e8b465ee728b)  -> (artifact id: 'b39db27887f315e1d94b348b28ff2184') in 0.017325 seconds 
  Import took 0.033466 seconds .

========================================================================
Received Import Request.
  Time since last request: 14.765886 seconds.
  path: Assets/Materials/FloorUnit.mat
  artifactKey: Guid(c6505cc64586808468a9cc55cbf00949) Importer(815301076,1909f56bfc062723c751e8b465ee728b)
Start importing Assets/Materials/FloorUnit.mat using Guid(c6505cc64586808468a9cc55cbf00949) Importer(815301076,1909f56bfc062723c751e8b465ee728b)  -> (artifact id: 'a52599cc54fdff04a59e0d6ad208f07a') in 0.022550 seconds 
  Import took 0.039209 seconds .

========================================================================
Received Import Request.
  Time since last request: 1199.695526 seconds.
  path: Assets/Materials/FloorUnit 1.mat
  artifactKey: Guid(b417daad3cc22364392683771576daf1) Importer(815301076,1909f56bfc062723c751e8b465ee728b)
Start importing Assets/Materials/FloorUnit 1.mat using Guid(b417daad3cc22364392683771576daf1) Importer(815301076,1909f56bfc062723c751e8b465ee728b)  -> (artifact id: '4796dc8869e08de9b1b0cbd9eb775862') in 0.162880 seconds 
  Import took 0.176964 seconds .

========================================================================
Received Import Request.
  Time since last request: 0.001558 seconds.
  path: Assets/Materials/FloorUnit.mat
  artifactKey: Guid(c6505cc64586808468a9cc55cbf00949) Importer(815301076,1909f56bfc062723c751e8b465ee728b)
Start importing Assets/Materials/FloorUnit.mat using Guid(c6505cc64586808468a9cc55cbf00949) Importer(815301076,1909f56bfc062723c751e8b465ee728b)  -> (artifact id: '9893866e5443d632bac21582f29fd555') in 0.058817 seconds 
  Import took 0.075046 seconds .

========================================================================
Received Import Request.
  Time since last request: 0.636635 seconds.
  path: Assets/Materials/FloorUnit 2.mat
  artifactKey: Guid(66ffd24d84d7f6c45b4f8c3e22b4ad2c) Importer(815301076,1909f56bfc062723c751e8b465ee728b)
Start importing Assets/Materials/FloorUnit 2.mat using Guid(66ffd24d84d7f6c45b4f8c3e22b4ad2c) Importer(815301076,1909f56bfc062723c751e8b465ee728b)  -> (artifact id: 'e3bc13e45001b4fb68f9f64b261b7b7b') in 0.019020 seconds 
  Import took 0.033349 seconds .

========================================================================
Received Import Request.
  Time since last request: 1402.534353 seconds.
  path: Assets/Materials/FloorUnit 1.mat
  artifactKey: Guid(b417daad3cc22364392683771576daf1) Importer(815301076,1909f56bfc062723c751e8b465ee728b)
Start importing Assets/Materials/FloorUnit 1.mat using Guid(b417daad3cc22364392683771576daf1) Importer(815301076,1909f56bfc062723c751e8b465ee728b)  -> (artifact id: 'ca683508977b01d815422a2423df84b1') in 0.026860 seconds 
  Import took 0.039331 seconds .

========================================================================
Received Import Request.
  Time since last request: 0.000995 seconds.
  path: Assets/Materials/FloorUnit 2.mat
  artifactKey: Guid(66ffd24d84d7f6c45b4f8c3e22b4ad2c) Importer(815301076,1909f56bfc062723c751e8b465ee728b)
Start importing Assets/Materials/FloorUnit 2.mat using Guid(66ffd24d84d7f6c45b4f8c3e22b4ad2c) Importer(815301076,1909f56bfc062723c751e8b465ee728b)  -> (artifact id: '5eb0bb23f7c6ccfec5ae8b3889d14ce3') in 0.019540 seconds 
  Import took 0.033271 seconds .

========================================================================
Received Import Request.
  Time since last request: 0.000928 seconds.
  path: Assets/Materials/FloorUnit 3.mat
  artifactKey: Guid(9b9fa269dd45c3d40b50decaf792280d) Importer(815301076,1909f56bfc062723c751e8b465ee728b)
Start importing Assets/Materials/FloorUnit 3.mat using Guid(9b9fa269dd45c3d40b50decaf792280d) Importer(815301076,1909f56bfc062723c751e8b465ee728b)  -> (artifact id: 'b40422143a75c1417afca90fa2a55e60') in 0.024273 seconds 
  Import took 0.037969 seconds .

========================================================================
Received Import Request.
  Time since last request: 290.919308 seconds.
  path: Assets/Presets/AudioCompressedInMemory.preset
  artifactKey: Guid(2dd802e4d37c65149922028d3e973832) Importer(815301076,1909f56bfc062723c751e8b465ee728b)
Start importing Assets/Presets/AudioCompressedInMemory.preset using Guid(2dd802e4d37c65149922028d3e973832) Importer(815301076,1909f56bfc062723c751e8b465ee728b)  -> (artifact id: 'ac4de02398cfe62c06251b0f50233ebf') in 0.015761 seconds 
  Import took 0.028918 seconds .

========================================================================
Received Import Request.
  Time since last request: 0.000923 seconds.
  path: Assets/Presets/AudioStreaming.preset
  artifactKey: Guid(86bcce7f5575b54408aa0f3a7d321039) Importer(815301076,1909f56bfc062723c751e8b465ee728b)
Start importing Assets/Presets/AudioStreaming.preset using Guid(86bcce7f5575b54408aa0f3a7d321039) Importer(815301076,1909f56bfc062723c751e8b465ee728b)  -> (artifact id: '9982fbd60bc57b892b2c54d34a0163c0') in 0.015990 seconds 
  Import took 0.028871 seconds .

========================================================================
Received Import Request.
  Time since last request: 0.001207 seconds.
  path: Assets/Presets/NormalTexture.preset
  artifactKey: Guid(14a57cf3b9fa1c74b884aa7e0dcf1faa) Importer(815301076,1909f56bfc062723c751e8b465ee728b)
Start importing Assets/Presets/NormalTexture.preset using Guid(14a57cf3b9fa1c74b884aa7e0dcf1faa) Importer(815301076,1909f56bfc062723c751e8b465ee728b)  -> (artifact id: '9c195482fc53bc4f53f643643f636469') in 0.019437 seconds 
  Import took 0.032393 seconds .

========================================================================
Received Import Request.
  Time since last request: 0.001666 seconds.
  path: Assets/Presets/UtilityTexture.preset
  artifactKey: Guid(45f7b2e3c78185248b3adbb14429c2ab) Importer(815301076,1909f56bfc062723c751e8b465ee728b)
Start importing Assets/Presets/UtilityTexture.preset using Guid(45f7b2e3c78185248b3adbb14429c2ab) Importer(815301076,1909f56bfc062723c751e8b465ee728b)  -> (artifact id: 'ab9c1faeeb59b745cafa0ae79c874a42') in 0.027721 seconds 
  Import took 0.040220 seconds .

========================================================================
Received Import Request.
  Time since last request: 62.886221 seconds.
  path: Assets/Textures/WoodFlooring044_NRM_3K.jpg
  artifactKey: Guid(dc779b0dbd293684c99c896c11fdac23) Importer(815301076,1909f56bfc062723c751e8b465ee728b)
Start importing Assets/Textures/WoodFlooring044_NRM_3K.jpg using Guid(dc779b0dbd293684c99c896c11fdac23) Importer(815301076,1909f56bfc062723c751e8b465ee728b)  -> (artifact id: '409574a19cc7cc04ea4d992b44acbd3a') in 0.094380 seconds 
  Import took 0.109082 seconds .

========================================================================
Received Import Request.
  Time since last request: 62.872506 seconds.
  path: Assets/Materials/FloorUnit 2.mat
  artifactKey: Guid(66ffd24d84d7f6c45b4f8c3e22b4ad2c) Importer(815301076,1909f56bfc062723c751e8b465ee728b)
Start importing Assets/Materials/FloorUnit 2.mat using Guid(66ffd24d84d7f6c45b4f8c3e22b4ad2c) Importer(815301076,1909f56bfc062723c751e8b465ee728b)  -> (artifact id: '8881549928082c6fd1ea9fe8beaf6b99') in 0.017077 seconds 
  Import took 0.030937 seconds .

========================================================================
Received Import Request.
  Time since last request: 0.001135 seconds.
  path: Assets/Materials/Maze.mat
  artifactKey: Guid(7a6828caa08ab3440b9617e11437a6c0) Importer(815301076,1909f56bfc062723c751e8b465ee728b)
Start importing Assets/Materials/Maze.mat using Guid(7a6828caa08ab3440b9617e11437a6c0) Importer(815301076,1909f56bfc062723c751e8b465ee728b)  -> (artifact id: 'e9bab7454fe41c09077b2b90b2126124') in 0.044223 seconds 
  Import took 0.058420 seconds .

========================================================================
Received Import Request.
  Time since last request: 0.000853 seconds.
  path: Assets/Materials/FloorUnit 3.mat
  artifactKey: Guid(9b9fa269dd45c3d40b50decaf792280d) Importer(815301076,1909f56bfc062723c751e8b465ee728b)
Start importing Assets/Materials/FloorUnit 3.mat using Guid(9b9fa269dd45c3d40b50decaf792280d) Importer(815301076,1909f56bfc062723c751e8b465ee728b)  -> (artifact id: '4de320bf59fd401d307a070cb6eee8b8') in 0.016821 seconds 
  Import took 0.029750 seconds .

========================================================================
Received Import Request.
  Time since last request: 1.663501 seconds.
  path: Assets/Materials/Maze 1.mat
  artifactKey: Guid(eaa11f4ff947bf74a8fe5122341e2db3) Importer(815301076,1909f56bfc062723c751e8b465ee728b)
Start importing Assets/Materials/Maze 1.mat using Guid(eaa11f4ff947bf74a8fe5122341e2db3) Importer(815301076,1909f56bfc062723c751e8b465ee728b)  -> (artifact id: '7afac0b1b51b92545838c1b6bb7385a0') in 0.048778 seconds 
  Import took 0.062848 seconds .

========================================================================
Received Import Request.
  Time since last request: 10.451315 seconds.
  path: Assets/Materials/Bridge.mat
  artifactKey: Guid(eaa11f4ff947bf74a8fe5122341e2db3) Importer(815301076,1909f56bfc062723c751e8b465ee728b)
Start importing Assets/Materials/Bridge.mat using Guid(eaa11f4ff947bf74a8fe5122341e2db3) Importer(815301076,1909f56bfc062723c751e8b465ee728b)  -> (artifact id: 'e65953e2d9f2cbb004d4b90415d65a16') in 0.048415 seconds 
  Import took 0.062733 seconds .

========================================================================
Received Import Request.
  Time since last request: 159.948459 seconds.
  path: Assets/Materials/Bridge.mat
  artifactKey: Guid(eaa11f4ff947bf74a8fe5122341e2db3) Importer(815301076,1909f56bfc062723c751e8b465ee728b)
Start importing Assets/Materials/Bridge.mat using Guid(eaa11f4ff947bf74a8fe5122341e2db3) Importer(815301076,1909f56bfc062723c751e8b465ee728b)  -> (artifact id: '70235296bd95f5e6e450e65ccd1acc06') in 0.048385 seconds 
  Import took 0.062677 seconds .

AssetImportWorkerClient::OnTransportError - code=2 error=End of file
